<?xml version="1.0" encoding="UTF-8"?>
<testsuites>
	<testsuite name="TestConfig-20231209135042" tests="5" file=".py" time="0.005" timestamp="2023-12-09T13:50:42" failures="0" errors="0" skipped="0">
		<testcase classname="TestConfig" name="test_formatar_contato" time="0.003" timestamp="2023-12-09T13:50:42" file="ProjetoAgenda\Testes\test_config.py" line="26">
			<!--
        Testa se a função formatar_contato da classe Config formata corretamente um objeto Contato.
        -->
		</testcase>
		<testcase classname="TestConfig" name="test_formatar_contato_diferente" time="0.001" timestamp="2023-12-09T13:50:42" file="ProjetoAgenda\Testes\test_config.py" line="60">
			<!--
        Testa se a função formatar_contato da classe Config gera resultados diferentes para contatos distintos.
        -->
		</testcase>
		<testcase classname="TestConfig" name="test_formatar_json" time="0.000" timestamp="2023-12-09T13:50:42" file="ProjetoAgenda\Testes\test_config.py" line="40">
			<!--
        Testa se a função formatar_json da classe Config gera corretamente um JSON a partir de um objeto Contato.
        -->
		</testcase>
		<testcase classname="TestConfig" name="test_formatar_json_diferente" time="0.001" timestamp="2023-12-09T13:50:42" file="ProjetoAgenda\Testes\test_config.py" line="74">
			<!--
        Testa se a função formatar_json da classe Config gera resultados diferentes para contatos distintos.
        -->
		</testcase>
		<testcase classname="TestConfig" name="test_formatar_json_e_contato" time="0.000" timestamp="2023-12-09T13:50:42" file="ProjetoAgenda\Testes\test_config.py" line="88">
			<!--
        Testa se a função formatar_json e formatar_contato da classe Config geram resultados diferentes para o mesmo contato.
        -->
		</testcase>
	</testsuite>
</testsuites>
