<?xml version="1.0" encoding="UTF-8"?>
<testsuites>
	<testsuite name="TestGerenciador-20231209133831" tests="6" file=".py" time="0.016" timestamp="2023-12-09T13:38:31" failures="0" errors="0" skipped="0">
		<testcase classname="TestGerenciador" name="test_adicionar_contato" time="0.007" timestamp="2023-12-09T13:38:31" file="test_gerenciador.py" line="23"/>
		<testcase classname="TestGerenciador" name="test_listar_contatos" time="0.002" timestamp="2023-12-09T13:38:31" file="test_gerenciador.py" line="27"/>
		<testcase classname="TestGerenciador" name="test_pesquisar_contato_existente" time="0.002" timestamp="2023-12-09T13:38:31" file="test_gerenciador.py" line="32"/>
		<testcase classname="TestGerenciador" name="test_pesquisar_contato_inexistente" time="0.001" timestamp="2023-12-09T13:38:31" file="test_gerenciador.py" line="37"/>
		<testcase classname="TestGerenciador" name="test_remover_contato_existente" time="0.003" timestamp="2023-12-09T13:38:31" file="test_gerenciador.py" line="41">
			<system-out><![CDATA[Nenhum contato para salvar.
]]></system-out>
		</testcase>
		<testcase classname="TestGerenciador" name="test_remover_contato_inexistente" time="0.001" timestamp="2023-12-09T13:38:31" file="test_gerenciador.py" line="47"/>
	</testsuite>
</testsuites>
